c:\users\bigre\source\repos\project8\project8\x64\debug\vc141.pdb
c:\users\bigre\source\repos\project8\project8\x64\debug\vc141.idb
c:\users\bigre\source\repos\project8\project8\x64\debug\source1.obj
c:\users\bigre\source\repos\project8\project8\x64\debug\source.obj
c:\users\bigre\source\repos\project8\project8\x64\debug\maincompile.obj
c:\users\bigre\source\repos\project8\project8\x64\debug\callfrom.obj
c:\users\bigre\source\repos\project8\x64\debug\project8.exe
c:\users\bigre\source\repos\project8\x64\debug\project8.ilk
c:\users\bigre\source\repos\project8\x64\debug\project8.pdb
c:\users\bigre\source\repos\project8\project8\x64\debug\project8.tlog\cl.command.1.tlog
c:\users\bigre\source\repos\project8\project8\x64\debug\project8.tlog\cl.read.1.tlog
c:\users\bigre\source\repos\project8\project8\x64\debug\project8.tlog\cl.write.1.tlog
c:\users\bigre\source\repos\project8\project8\x64\debug\project8.tlog\link.8008-cvtres.read.1.tlog
c:\users\bigre\source\repos\project8\project8\x64\debug\project8.tlog\link.8008-cvtres.write.1.tlog
c:\users\bigre\source\repos\project8\project8\x64\debug\project8.tlog\link.8008-rc.read.1.tlog
c:\users\bigre\source\repos\project8\project8\x64\debug\project8.tlog\link.8008-rc.write.1.tlog
c:\users\bigre\source\repos\project8\project8\x64\debug\project8.tlog\link.8008.read.1.tlog
c:\users\bigre\source\repos\project8\project8\x64\debug\project8.tlog\link.8008.write.1.tlog
c:\users\bigre\source\repos\project8\project8\x64\debug\project8.tlog\link.command.1.tlog
c:\users\bigre\source\repos\project8\project8\x64\debug\project8.tlog\link.read.1.tlog
c:\users\bigre\source\repos\project8\project8\x64\debug\project8.tlog\link.write.1.tlog
